/bin/bash: /home/sai/miniconda3/lib/libtinfo.so.6: no version information available (required by /bin/bash)

🌟 Lilypad submitting job stable_diffusion:v0.0.1(black flag) 🌟
[0m
[0m[?25l[0m
[0m[K[0m
[1m[36m▐⠂       ▌[0m Connecting to smart contract[0m
[0m[K[0m
[1m[36m▐⠈       ▌[0m Connecting to smart contract[0m
[0m[K[0m
[1m[36m▐ ⠂      ▌[0m Connecting to smart contract[0m
[0m[K[0m
[1m[36m▐ ⠠      ▌[0m Connecting to smart contract[0m
[0m[K[0m
[1m[36m▐  ⡀     ▌[0m Connecting to smart contract[0m
[0m[K[0m
[1m[36m▐  ⠠     ▌[0m Connecting to smart contract[0m
[0m[K[0m
[1m[36m▐   ⠂    ▌[0m Connecting to smart contract[0m
[0m[K[0m
[1m[36m▐   ⠈    ▌[0m Connecting to smart contract[0m
[0m[K[0m
[1m[36m▐    ⠂   ▌[0m Connecting to smart contract[0m
[0m[K[0m
[1m[36m▐    ⠠   ▌[0m Connecting to smart contract[0m
[0m[K[0m
[1m[36m▐     ⡀  ▌[0m Connecting to smart contract[0m
[0m[K[0m
[1m[36m▐     ⠠  ▌[0m Connecting to smart contract[0m
[0m[K[0m
[1m[36m▐      ⠂ ▌[0m Connecting to smart contract[0m
[0m[K[0m
[1m[36m▐      ⠈ ▌[0m Connecting to smart contract[0m
[0m[K[0m
[1m[36m▐       ⠂▌[0m Connecting to smart contract[0m
[0m[K[0m
[1m[36m▐       ⠠▌[0m Connecting to smart contract[0m
[0m[K[0m
[1m[36m▐       ⡀▌[0m Connecting to smart contract[0m
[0m[K[0m
[1m[36m▐      ⠠ ▌[0m Connecting to smart contract[0m
[0m[K[0m
[1m[36m▐      ⠂ ▌[0m Connecting to smart contract[0m
[0m[K[0m[?25h[0m🔗 Connecting to smart contract
[0m🔑 Loaded private key for 0x40754bf3654a44fB145242ee6d1A845ef7644d32[0m
[0m[?25l[0m
[0m[K[0m
[1m[36m▐⠂       ▌[0m Registering job creator[0m
[0m[K[0m
[1m[36m▐⠈       ▌[0m Registering job creator[0m
[0m[K[0m
[1m[36m▐ ⠂      ▌[0m Registering job creator[0m
[0m[K[0m
[1m[36m▐ ⠠      ▌[0m Registering job creator[0m
[0m[K[0m
[1m[36m▐  ⡀     ▌[0m Registering job creator[0m
[0m[K[0m
[1m[36m▐  ⠠     ▌[0m Registering job creator[0m
[0m[K[0m
[1m[36m▐   ⠂    ▌[0m Registering job creator[0m
[0m[K[0m
[1m[36m▐   ⠈    ▌[0m Registering job creator[0m
[0m[K[0m
[1m[36m▐    ⠂   ▌[0m Registering job creator[0m
[0m[K[0m
[1m[36m▐    ⠠   ▌[0m Registering job creator[0m
[0m[K[0m
[1m[36m▐     ⡀  ▌[0m Registering job creator[0m
[0m[K[0m
[1m[36m▐     ⠠  ▌[0m Registering job creator[0m
[0m[K[0m
[1m[36m▐      ⠂ ▌[0m Registering job creator[0m
[0m[K[0m
[1m[36m▐      ⠈ ▌[0m Registering job creator[0m
[0m[K[0m
[1m[36m▐       ⠂▌[0m Registering job creator[0m
[0m[K[0m
[1m[36m▐       ⠠▌[0m Registering job creator[0m
[0m[K[0m
[1m[36m▐       ⡀▌[0m Registering job creator[0m
[0m[K[0m
[1m[36m▐      ⠠ ▌[0m Registering job creator[0m
[0m[K[0m
[1m[36m▐      ⠂ ▌[0m Registering job creator[0m
[0m[K[0m
[1m[36m▐     ⠈  ▌[0m Registering job creator[0m
[0m[K[0m
[1m[36m▐     ⠂  ▌[0m Registering job creator[0m
[0m[K[0m
[1m[36m▐    ⠠   ▌[0m Registering job creator[0m
[0m[K[0m
[1m[36m▐    ⡀   ▌[0m Registering job creator[0m
[0m[K[0m
[1m[36m▐   ⠠    ▌[0m Registering job creator[0m
[0m[K[0m
[1m[36m▐   ⠂    ▌[0m Registering job creator[0m
[0m[K[0m
[1m[36m▐  ⠈     ▌[0m Registering job creator[0m
[0m[K[0m
[1m[36m▐  ⠂     ▌[0m Registering job creator[0m
[0m[K[0m
[1m[36m▐ ⠠      ▌[0m Registering job creator[0m
[0m[K[0m
[1m[36m▐ ⡀      ▌[0m Registering job creator[0m
[0m[K[0m
[1m[36m▐⠠       ▌[0m Registering job creator[0m
[0m[K[0m
[1m[36m▐⠂       ▌[0m Registering job creator[0m
[0m[K[0m
[1m[36m▐⠈       ▌[0m Registering job creator[0m
[0m[K[0m
[1m[36m▐ ⠂      ▌[0m Registering job creator[0m
[0m[K[0m
[1m[36m▐ ⠠      ▌[0m Registering job creator[0m
[0m[K[0m
[1m[36m▐  ⡀     ▌[0m Registering job creator[0m
[0m[K[0m
[1m[36m▐  ⠠     ▌[0m Registering job creator[0m
[0m[K[0m
[1m[36m▐   ⠂    ▌[0m Registering job creator[0m
[0m[K[0m
[1m[36m▐   ⠈    ▌[0m Registering job creator[0m
[0m[K[0m
[1m[36m▐    ⠂   ▌[0m Registering job creator[0m
[0m[K[0m
[1m[36m▐    ⠠   ▌[0m Registering job creator[0m
[0m[K[0m
[1m[36m▐     ⡀  ▌[0m Registering job creator[0m
[0m[K[0m[?25h[0m🔌 Registering job creator
[0m[?25l[0m
[0m[K[0m
[1m[36m▐⠂       ▌[0m Adding mediator 0xcD9379EEDcBb9a077025Fbdf5AE81F1399e43F2C[0m
[0m[K[0m
[1m[36m▐⠈       ▌[0m Adding mediator 0xcD9379EEDcBb9a077025Fbdf5AE81F1399e43F2C[0m
[0m[K[0m
[1m[36m▐ ⠂      ▌[0m Adding mediator 0xcD9379EEDcBb9a077025Fbdf5AE81F1399e43F2C[0m
[0m[K[0m
[1m[36m▐ ⠠      ▌[0m Adding mediator 0xcD9379EEDcBb9a077025Fbdf5AE81F1399e43F2C[0m
[0m[K[0m
[1m[36m▐  ⡀     ▌[0m Adding mediator 0xcD9379EEDcBb9a077025Fbdf5AE81F1399e43F2C[0m
[0m[K[0m
[1m[36m▐  ⠠     ▌[0m Adding mediator 0xcD9379EEDcBb9a077025Fbdf5AE81F1399e43F2C[0m
[0m[K[0m
[1m[36m▐   ⠂    ▌[0m Adding mediator 0xcD9379EEDcBb9a077025Fbdf5AE81F1399e43F2C[0m
[0m[K[0m
[1m[36m▐   ⠈    ▌[0m Adding mediator 0xcD9379EEDcBb9a077025Fbdf5AE81F1399e43F2C[0m
[0m[K[0m
[1m[36m▐    ⠂   ▌[0m Adding mediator 0xcD9379EEDcBb9a077025Fbdf5AE81F1399e43F2C[0m
[0m[K[0m
[1m[36m▐    ⠠   ▌[0m Adding mediator 0xcD9379EEDcBb9a077025Fbdf5AE81F1399e43F2C[0m
[0m[K[0m
[1m[36m▐     ⡀  ▌[0m Adding mediator 0xcD9379EEDcBb9a077025Fbdf5AE81F1399e43F2C[0m
[0m[K[0m
[1m[36m▐     ⠠  ▌[0m Adding mediator 0xcD9379EEDcBb9a077025Fbdf5AE81F1399e43F2C[0m
[0m[K[0m
[1m[36m▐      ⠂ ▌[0m Adding mediator 0xcD9379EEDcBb9a077025Fbdf5AE81F1399e43F2C[0m
[0m[K[0m
[1m[36m▐      ⠈ ▌[0m Adding mediator 0xcD9379EEDcBb9a077025Fbdf5AE81F1399e43F2C[0m
[0m[K[0m
[1m[36m▐       ⠂▌[0m Adding mediator 0xcD9379EEDcBb9a077025Fbdf5AE81F1399e43F2C[0m
[0m[K[0m
[1m[36m▐       ⠠▌[0m Adding mediator 0xcD9379EEDcBb9a077025Fbdf5AE81F1399e43F2C[0m
[0m[K[0m
[1m[36m▐       ⡀▌[0m Adding mediator 0xcD9379EEDcBb9a077025Fbdf5AE81F1399e43F2C[0m
[0m[K[0m
[1m[36m▐      ⠠ ▌[0m Adding mediator 0xcD9379EEDcBb9a077025Fbdf5AE81F1399e43F2C[0m
[0m[K[0m
[1m[36m▐      ⠂ ▌[0m Adding mediator 0xcD9379EEDcBb9a077025Fbdf5AE81F1399e43F2C[0m
[0m[K[0m
[1m[36m▐     ⠈  ▌[0m Adding mediator 0xcD9379EEDcBb9a077025Fbdf5AE81F1399e43F2C[0m
[0m[K[0m
[1m[36m▐     ⠂  ▌[0m Adding mediator 0xcD9379EEDcBb9a077025Fbdf5AE81F1399e43F2C[0m
[0m[K[0m
[1m[36m▐    ⠠   ▌[0m Adding mediator 0xcD9379EEDcBb9a077025Fbdf5AE81F1399e43F2C[0m
[0m[K[0m
[1m[36m▐    ⡀   ▌[0m Adding mediator 0xcD9379EEDcBb9a077025Fbdf5AE81F1399e43F2C[0m
[0m[K[0m
[1m[36m▐   ⠠    ▌[0m Adding mediator 0xcD9379EEDcBb9a077025Fbdf5AE81F1399e43F2C[0m
[0m[K[0m
[1m[36m▐   ⠂    ▌[0m Adding mediator 0xcD9379EEDcBb9a077025Fbdf5AE81F1399e43F2C[0m
[0m[K[0m
[1m[36m▐  ⠈     ▌[0m Adding mediator 0xcD9379EEDcBb9a077025Fbdf5AE81F1399e43F2C[0m
[0m[K[0m
[1m[36m▐  ⠂     ▌[0m Adding mediator 0xcD9379EEDcBb9a077025Fbdf5AE81F1399e43F2C[0m
[0m[K[0m
[1m[36m▐ ⠠      ▌[0m Adding mediator 0xcD9379EEDcBb9a077025Fbdf5AE81F1399e43F2C[0m
[0m[K[0m
[1m[36m▐ ⡀      ▌[0m Adding mediator 0xcD9379EEDcBb9a077025Fbdf5AE81F1399e43F2C[0m
[0m[K[0m
[1m[36m▐⠠       ▌[0m Adding mediator 0xcD9379EEDcBb9a077025Fbdf5AE81F1399e43F2C[0m
[0m[K[0m
[1m[36m▐⠂       ▌[0m Adding mediator 0xcD9379EEDcBb9a077025Fbdf5AE81F1399e43F2C[0m
[0m[K[0m
[1m[36m▐⠈       ▌[0m Adding mediator 0xcD9379EEDcBb9a077025Fbdf5AE81F1399e43F2C[0m
[0m[K[0m
[1m[36m▐ ⠂      ▌[0m Adding mediator 0xcD9379EEDcBb9a077025Fbdf5AE81F1399e43F2C[0m
[0m[K[0m
[1m[36m▐ ⠠      ▌[0m Adding mediator 0xcD9379EEDcBb9a077025Fbdf5AE81F1399e43F2C[0m
[0m[K[0m
[1m[36m▐  ⡀     ▌[0m Adding mediator 0xcD9379EEDcBb9a077025Fbdf5AE81F1399e43F2C[0m
[0m[K[0m
[1m[36m▐  ⠠     ▌[0m Adding mediator 0xcD9379EEDcBb9a077025Fbdf5AE81F1399e43F2C[0m
[0m[K[0m
[1m[36m▐   ⠂    ▌[0m Adding mediator 0xcD9379EEDcBb9a077025Fbdf5AE81F1399e43F2C[0m
[0m[K[0m
[1m[36m▐   ⠈    ▌[0m Adding mediator 0xcD9379EEDcBb9a077025Fbdf5AE81F1399e43F2C[0m
[0m[K[0m
[1m[36m▐    ⠂   ▌[0m Adding mediator 0xcD9379EEDcBb9a077025Fbdf5AE81F1399e43F2C[0m
[0m[K[0m
[1m[36m▐    ⠠   ▌[0m Adding mediator 0xcD9379EEDcBb9a077025Fbdf5AE81F1399e43F2C[0m
[0m[K[0m
[1m[36m▐     ⡀  ▌[0m Adding mediator 0xcD9379EEDcBb9a077025Fbdf5AE81F1399e43F2C[0m
[0m[K[0m
[1m[36m▐     ⠠  ▌[0m Adding mediator 0xcD9379EEDcBb9a077025Fbdf5AE81F1399e43F2C[0m
[0m[K[0m
[1m[36m▐      ⠂ ▌[0m Adding mediator 0xcD9379EEDcBb9a077025Fbdf5AE81F1399e43F2C[0m
[0m[K[0m
[1m[36m▐      ⠈ ▌[0m Adding mediator 0xcD9379EEDcBb9a077025Fbdf5AE81F1399e43F2C[0m
[0m[K[0m
[1m[36m▐       ⠂▌[0m Adding mediator 0xcD9379EEDcBb9a077025Fbdf5AE81F1399e43F2C[0m
[0m[K[0m[?25h[0m🧘 Adding mediator 0xcD9379EEDcBb9a077025Fbdf5AE81F1399e43F2C
[0m[?25l[0m
[0m[K[0m
[1m[36m▐⠂       ▌[0m Posting offer for stable_diffusion:v0.0.1[0m
[0m[K[0m
[1m[36m▐⠈       ▌[0m Posting offer for stable_diffusion:v0.0.1[0m
[0m[K[0m
[1m[36m▐ ⠂      ▌[0m Posting offer for stable_diffusion:v0.0.1[0m
[0m[K[0m
[1m[36m▐ ⠠      ▌[0m Posting offer for stable_diffusion:v0.0.1[0m
[0m[K[0m
[1m[36m▐  ⡀     ▌[0m Posting offer for stable_diffusion:v0.0.1[0m
[0m[K[0m
[1m[36m▐  ⠠     ▌[0m Posting offer for stable_diffusion:v0.0.1[0m
[0m[K[0m
[1m[36m▐   ⠂    ▌[0m Posting offer for stable_diffusion:v0.0.1[0m
[0m[K[0m
[1m[36m▐   ⠈    ▌[0m Posting offer for stable_diffusion:v0.0.1[0m
[0m[K[0m
[1m[36m▐    ⠂   ▌[0m Posting offer for stable_diffusion:v0.0.1[0m
[0m[K[0m
[1m[36m▐    ⠠   ▌[0m Posting offer for stable_diffusion:v0.0.1[0m
[0m[K[0m
[1m[36m▐     ⡀  ▌[0m Posting offer for stable_diffusion:v0.0.1[0m
[0m[K[0m
[1m[36m▐     ⠠  ▌[0m Posting offer for stable_diffusion:v0.0.1[0m
[0m[K[0m
[1m[36m▐      ⠂ ▌[0m Posting offer for stable_diffusion:v0.0.1[0m
[0m[K[0m
[1m[36m▐      ⠈ ▌[0m Posting offer for stable_diffusion:v0.0.1[0m
[0m[K[0m
[1m[36m▐       ⠂▌[0m Posting offer for stable_diffusion:v0.0.1[0m
[0m[K[0m
[1m[36m▐       ⠠▌[0m Posting offer for stable_diffusion:v0.0.1[0m
[0m[K[0m
[1m[36m▐       ⡀▌[0m Posting offer for stable_diffusion:v0.0.1[0m
[0m[K[0m
[1m[36m▐      ⠠ ▌[0m Posting offer for stable_diffusion:v0.0.1[0m
[0m[K[0m
[1m[36m▐      ⠂ ▌[0m Posting offer for stable_diffusion:v0.0.1[0m
[0m[K[0m
[1m[36m▐     ⠈  ▌[0m Posting offer for stable_diffusion:v0.0.1[0m
[0m[K[0m
[1m[36m▐     ⠂  ▌[0m Posting offer for stable_diffusion:v0.0.1[0m
[0m[K[0m
[1m[36m▐    ⠠   ▌[0m Posting offer for stable_diffusion:v0.0.1[0m
[0m[K[0m
[1m[36m▐    ⡀   ▌[0m Posting offer for stable_diffusion:v0.0.1[0m
[0m[K[0m
[1m[36m▐   ⠠    ▌[0m Posting offer for stable_diffusion:v0.0.1[0m
[0m[K[0m
[1m[36m▐   ⠂    ▌[0m Posting offer for stable_diffusion:v0.0.1[0m
[0m[K[0m
[1m[36m▐  ⠈     ▌[0m Posting offer for stable_diffusion:v0.0.1[0m
[0m[K[0m
[1m[36m▐  ⠂     ▌[0m Posting offer for stable_diffusion:v0.0.1[0m
[0m[K[0m
[1m[36m▐ ⠠      ▌[0m Posting offer for stable_diffusion:v0.0.1[0m
[0m[K[0m
[1m[36m▐ ⡀      ▌[0m Posting offer for stable_diffusion:v0.0.1[0m
[0m[K[0m
[1m[36m▐⠠       ▌[0m Posting offer for stable_diffusion:v0.0.1[0m
[0m[K[0m
[1m[36m▐⠂       ▌[0m Posting offer for stable_diffusion:v0.0.1[0m
[0m[K[0m
[1m[36m▐⠈       ▌[0m Posting offer for stable_diffusion:v0.0.1[0m
[0m[K[0m
[1m[36m▐ ⠂      ▌[0m Posting offer for stable_diffusion:v0.0.1[0m
[0m[K[0m
[1m[36m▐ ⠠      ▌[0m Posting offer for stable_diffusion:v0.0.1[0m
[0m[K[0m
[1m[36m▐  ⡀     ▌[0m Posting offer for stable_diffusion:v0.0.1[0m
[0m[K[0m
[1m[36m▐  ⠠     ▌[0m Posting offer for stable_diffusion:v0.0.1[0m
[0m[K[0m
[1m[36m▐   ⠂    ▌[0m Posting offer for stable_diffusion:v0.0.1[0m
[0m[K[0m
[1m[36m▐   ⠈    ▌[0m Posting offer for stable_diffusion:v0.0.1[0m
[0m[K[0m
[1m[36m▐    ⠂   ▌[0m Posting offer for stable_diffusion:v0.0.1[0m
[0m[K[0m
[1m[36m▐    ⠠   ▌[0m Posting offer for stable_diffusion:v0.0.1[0m
[0m[K[0m
[1m[36m▐     ⡀  ▌[0m Posting offer for stable_diffusion:v0.0.1[0m
[0m[K[0m
[1m[36m▐     ⠠  ▌[0m Posting offer for stable_diffusion:v0.0.1[0m
[0m[K[0m
[1m[36m▐      ⠂ ▌[0m Posting offer for stable_diffusion:v0.0.1[0m
[0m[K[0m
[1m[36m▐      ⠈ ▌[0m Posting offer for stable_diffusion:v0.0.1[0m
[0m[K[0m
[1m[36m▐       ⠂▌[0m Posting offer for stable_diffusion:v0.0.1[0m
[0m[K[0m
[1m[36m▐       ⠠▌[0m Posting offer for stable_diffusion:v0.0.1[0m
[0m[K[0m
[1m[36m▐       ⡀▌[0m Posting offer for stable_diffusion:v0.0.1[0m
[0m[K[0m
[1m[36m▐      ⠠ ▌[0m Posting offer for stable_diffusion:v0.0.1[0m
[0m[K[0m
[1m[36m▐      ⠂ ▌[0m Posting offer for stable_diffusion:v0.0.1[0m
[0m[K[0m
[1m[36m▐     ⠈  ▌[0m Posting offer for stable_diffusion:v0.0.1[0m
[0m[K[0m
[1m[36m▐     ⠂  ▌[0m Posting offer for stable_diffusion:v0.0.1[0m
[0m[K[0m
[1m[36m▐    ⠠   ▌[0m Posting offer for stable_diffusion:v0.0.1[0m
[0m[K[0m
[1m[36m▐    ⡀   ▌[0m Posting offer for stable_diffusion:v0.0.1[0m
[0m[K[0m
[1m[36m▐   ⠠    ▌[0m Posting offer for stable_diffusion:v0.0.1[0m
[0m[K[0m
[1m[36m▐   ⠂    ▌[0m Posting offer for stable_diffusion:v0.0.1[0m
[0m[K[0m
[1m[36m▐  ⠈     ▌[0m Posting offer for stable_diffusion:v0.0.1[0m
[0m[K[0m
[1m[36m▐  ⠂     ▌[0m Posting offer for stable_diffusion:v0.0.1[0m
[0m[K[0m
[1m[36m▐ ⠠      ▌[0m Posting offer for stable_diffusion:v0.0.1[0m
[0m[K[0m
[1m[36m▐ ⡀      ▌[0m Posting offer for stable_diffusion:v0.0.1[0m
[0m[K[0m
[1m[36m▐⠠       ▌[0m Posting offer for stable_diffusion:v0.0.1[0m
[0m[K[0m
[1m[36m▐⠂       ▌[0m Posting offer for stable_diffusion:v0.0.1[0m
[0m[K[0m
[1m[36m▐⠈       ▌[0m Posting offer for stable_diffusion:v0.0.1[0m
[0m[K[0m
[1m[36m▐ ⠂      ▌[0m Posting offer for stable_diffusion:v0.0.1[0m
[0m[K[0m
[1m[36m▐ ⠠      ▌[0m Posting offer for stable_diffusion:v0.0.1[0m
[0m[K[0m
[1m[36m▐  ⡀     ▌[0m Posting offer for stable_diffusion:v0.0.1[0m
[0m[K[0m
[1m[36m▐  ⠠     ▌[0m Posting offer for stable_diffusion:v0.0.1[0m
[0m[K[0m
[1m[36m▐   ⠂    ▌[0m Posting offer for stable_diffusion:v0.0.1[0m
[0m[K[0m
[1m[36m▐   ⠈    ▌[0m Posting offer for stable_diffusion:v0.0.1[0m
[0m[K[0m
[1m[36m▐    ⠂   ▌[0m Posting offer for stable_diffusion:v0.0.1[0m
[0m[K[0m
[1m[36m▐    ⠠   ▌[0m Posting offer for stable_diffusion:v0.0.1[0m
[0m[K[0m
[1m[36m▐     ⡀  ▌[0m Posting offer for stable_diffusion:v0.0.1[0m
[0m[K[0m
[1m[36m▐     ⠠  ▌[0m Posting offer for stable_diffusion:v0.0.1[0m
[0m[K[0m
[1m[36m▐      ⠂ ▌[0m Posting offer for stable_diffusion:v0.0.1[0m
[0m[K[0m
[1m[36m▐      ⠈ ▌[0m Posting offer for stable_diffusion:v0.0.1[0m
[0m[K[0m
[1m[36m▐       ⠂▌[0m Posting offer for stable_diffusion:v0.0.1[0m
[0m[K[0m
[1m[36m▐       ⠠▌[0m Posting offer for stable_diffusion:v0.0.1[0m
[0m[K[0m
[1m[36m▐       ⡀▌[0m Posting offer for stable_diffusion:v0.0.1[0m
[0m[K[0m
[1m[36m▐      ⠠ ▌[0m Posting offer for stable_diffusion:v0.0.1[0m
[0m[K[0m
[1m[36m▐      ⠂ ▌[0m Posting offer for stable_diffusion:v0.0.1[0m
[0m[K[0m
[1m[36m▐     ⠈  ▌[0m Posting offer for stable_diffusion:v0.0.1[0m
[0m[K[0m
[1m[36m▐     ⠂  ▌[0m Posting offer for stable_diffusion:v0.0.1[0m
[0m[K[0m
[1m[36m▐    ⠠   ▌[0m Posting offer for stable_diffusion:v0.0.1[0m
[0m[K[0m
[1m[36m▐    ⡀   ▌[0m Posting offer for stable_diffusion:v0.0.1[0m
[0m[K[0m
[1m[36m▐   ⠠    ▌[0m Posting offer for stable_diffusion:v0.0.1[0m
[0m[K[0m
[1m[36m▐   ⠂    ▌[0m Posting offer for stable_diffusion:v0.0.1[0m
[0m[K[0m
[1m[36m▐  ⠈     ▌[0m Posting offer for stable_diffusion:v0.0.1[0m
[0m[K[0m
[1m[36m▐  ⠂     ▌[0m Posting offer for stable_diffusion:v0.0.1[0m
[0m[K[0m
[1m[36m▐ ⠠      ▌[0m Posting offer for stable_diffusion:v0.0.1[0m
[0m[K[0m
[1m[36m▐ ⡀      ▌[0m Posting offer for stable_diffusion:v0.0.1[0m
[0m[K[0m[?25h[0m💌 Posting offer for stable_diffusion:v0.0.1
[0m[?25l[0m
[0m[K[0m
[1m[36m▐⠂       ▌[0m Running job...[0m
[0m[K[0m
[1m[36m▐⠈       ▌[0m Running job...[0m
[0m[K[0m
[1m[36m▐ ⠂      ▌[0m Running job...[0m
[0m[K[0m
[1m[36m▐ ⠠      ▌[0m Running job...[0m
[0m[K[0m
[1m[36m▐  ⡀     ▌[0m Running job...[0m
[0m[K[0m
[1m[36m▐  ⠠     ▌[0m Running job...[0m
[0m[K[0m
[1m[36m▐   ⠂    ▌[0m Running job...[0m
[0m[K[0m
[1m[36m▐   ⠈    ▌[0m Running job...[0m
[0m[K[0m
[1m[36m▐    ⠂   ▌[0m Running job...[0m
[0m[K[0m
[1m[36m▐    ⠠   ▌[0m Running job...[0m
[0m[K[0m
[1m[36m▐     ⡀  ▌[0m Running job...[0m
[0m[K[0m
[1m[36m▐     ⠠  ▌[0m Running job...[0m
[0m[K[0m
[1m[36m▐      ⠂ ▌[0m Running job...[0m
[0m[K[0m
[1m[36m▐      ⠈ ▌[0m Running job...[0m
[0m[K[0m
[1m[36m▐       ⠂▌[0m Running job...[0m
[0m[K[0m
[1m[36m▐       ⠠▌[0m Running job...[0m
[0m[K[0m
[1m[36m▐       ⡀▌[0m Running job...[0m
[0m[K[0m
[1m[36m▐      ⠠ ▌[0m Running job...[0m
[0m[K[0m
[1m[36m▐      ⠂ ▌[0m Running job...[0m
[0m[K[0m
[1m[36m▐     ⠈  ▌[0m Running job...[0m
[0m[K[0m
[1m[36m▐     ⠂  ▌[0m Running job...[0m
[0m[K[0m
[1m[36m▐    ⠠   ▌[0m Running job...[0m
[0m[K[0m
[1m[36m▐    ⡀   ▌[0m Running job...[0m
[0m[K[0m
[1m[36m▐   ⠠    ▌[0m Running job...[0m
[0m[K[0m
[1m[36m▐   ⠂    ▌[0m Running job...[0m
[0m[K[0m
[1m[36m▐  ⠈     ▌[0m Running job...[0m
[0m[K[0m
[1m[36m▐  ⠂     ▌[0m Running job...[0m
[0m[K[0m
[1m[36m▐ ⠠      ▌[0m Running job...[0m
[0m[K[0m
[1m[36m▐ ⡀      ▌[0m Running job...[0m
[0m[K[0m
[1m[36m▐⠠       ▌[0m Running job...[0m
[0m[K[0m
[1m[36m▐⠂       ▌[0m Running job...[0m
[0m[K[0m
[1m[36m▐⠈       ▌[0m Running job...[0m
[0m[K[0m
[1m[36m▐ ⠂      ▌[0m Running job...[0m
[0m[K[0m
[1m[36m▐ ⠠      ▌[0m Running job...[0m
[0m[K[0m
[1m[36m▐  ⡀     ▌[0m Running job...[0m
[0m[K[0m
[1m[36m▐  ⠠     ▌[0m Running job...[0m
[0m[K[0m
[1m[36m▐   ⠂    ▌[0m Running job...[0m
[0m[K[0m
[1m[36m▐   ⠈    ▌[0m Running job...[0m
[0m[K[0m
[1m[36m▐    ⠂   ▌[0m Running job...[0m
[0m[K[0m
[1m[36m▐    ⠠   ▌[0m Running job...[0m
[0m[K[0m
[1m[36m▐     ⡀  ▌[0m Running job...[0m
[0m[K[0m
[1m[36m▐     ⠠  ▌[0m Running job...[0m
[0m[K[0m
[1m[36m▐      ⠂ ▌[0m Running job...[0m
[0m[K[0m
[1m[36m▐      ⠈ ▌[0m Running job...[0m
[0m[K[0m
[1m[36m▐       ⠂▌[0m Running job...[0m
[0m[K[0m
[1m[36m▐       ⠠▌[0m Running job...[0m
[0m[K[0m
[1m[36m▐       ⡀▌[0m Running job...[0m
[0m[K[0m
[1m[36m▐      ⠠ ▌[0m Running job...[0m
[0m[K[0m
[1m[36m▐      ⠂ ▌[0m Running job...[0m
[0m[K[0m
[1m[36m▐     ⠈  ▌[0m Running job...[0m
[0m[K[0m
[1m[36m▐     ⠂  ▌[0m Running job...[0m
[0m[K[0m
[1m[36m▐    ⠠   ▌[0m Running job...[0m
[0m[K[0m
[1m[36m▐    ⡀   ▌[0m Running job...[0m
[0m[K[0m
[1m[36m▐   ⠠    ▌[0m Running job...[0m
[0m[K[0m
[1m[36m▐   ⠂    ▌[0m Running job...[0m
[0m[K[0m
[1m[36m▐  ⠈     ▌[0m Running job...[0m
[0m[K[0m
[1m[36m▐  ⠂     ▌[0m Running job...[0m
[0m[K[0m
[1m[36m▐ ⠠      ▌[0m Running job...[0m
[0m[K[0m
[1m[36m▐ ⡀      ▌[0m Running job...[0m
[0m[K[0m
[1m[36m▐⠠       ▌[0m Running job...[0m
[0m[K[0m
[1m[36m▐⠂       ▌[0m Running job...[0m
[0m[K[0m
[1m[36m▐⠈       ▌[0m Running job...[0m
[0m[K[0m
[1m[36m▐ ⠂      ▌[0m Running job...[0m
[0m[K[0m
[1m[36m▐ ⠠      ▌[0m Running job...[0m
[0m[K[0m
[1m[36m▐  ⡀     ▌[0m Running job...[0m
[0m[K[0m
[1m[36m▐  ⠠     ▌[0m Running job...[0m
[0m[K[0m
[1m[36m▐   ⠂    ▌[0m Running job...[0m
[0m[K[0m
[1m[36m▐   ⠈    ▌[0m Running job...[0m
[0m[K[0m
[1m[36m▐    ⠂   ▌[0m Running job...[0m
[0m[K[0m
[1m[36m▐    ⠠   ▌[0m Running job...[0m
[0m[K[0m
[1m[36m▐     ⡀  ▌[0m Running job...[0m
[0m[K[0m
[1m[36m▐     ⠠  ▌[0m Running job...[0m
[0m[K[0m
[1m[36m▐      ⠂ ▌[0m Running job...[0m
[0m[K[0m
[1m[36m▐      ⠈ ▌[0m Running job...[0m
[0m[K[0m
[1m[36m▐       ⠂▌[0m Running job...[0m
[0m[K[0m
[1m[36m▐       ⠠▌[0m Running job...[0m
[0m[K[0m
[1m[36m▐       ⡀▌[0m Running job...[0m
[0m[K[0m
[1m[36m▐      ⠠ ▌[0m Running job...[0m
[0m[K[0m
[1m[36m▐      ⠂ ▌[0m Running job...[0m
[0m[K[0m
[1m[36m▐     ⠈  ▌[0m Running job...[0m
[0m[K[0m
[1m[36m▐     ⠂  ▌[0m Running job...[0m
[0m[K[0m
[1m[36m▐    ⠠   ▌[0m Running job...[0m
[0m[K[0m
[1m[36m▐    ⡀   ▌[0m Running job...[0m
[0m[K[0m
[1m[36m▐   ⠠    ▌[0m Running job...[0m
[0m[K[0m
[1m[36m▐   ⠂    ▌[0m Running job...[0m
[0m[K[0m
[1m[36m▐  ⠈     ▌[0m Running job...[0m
[0m[K[0m
[1m[36m▐  ⠂     ▌[0m Running job...[0m
[0m[K[0m
[1m[36m▐ ⠠      ▌[0m Running job...[0m
[0m[K[0m
[1m[36m▐ ⡀      ▌[0m Running job...[0m
[0m[K[0m
[1m[36m▐⠠       ▌[0m Running job...[0m
[0m[K[0m
[1m[36m▐⠂       ▌[0m Running job...[0m
[0m[K[0m
[1m[36m▐⠈       ▌[0m Running job...[0m
[0m[K[0m
[1m[36m▐ ⠂      ▌[0m Running job...[0m
[0m[K[0m
[1m[36m▐ ⠠      ▌[0m Running job...[0m
[0m[K[0m
[1m[36m▐  ⡀     ▌[0m Running job...[0m
[0m[K[0m
[1m[36m▐  ⠠     ▌[0m Running job...[0m
[0m[K[0m
[1m[36m▐   ⠂    ▌[0m Running job...[0m
[0m[K[0m
[1m[36m▐   ⠈    ▌[0m Running job...[0m
[0m[K[0m
[1m[36m▐    ⠂   ▌[0m Running job...[0m
[0m[K[0m
[1m[36m▐    ⠠   ▌[0m Running job...[0m
[0m[K[0m
[1m[36m▐     ⡀  ▌[0m Running job...[0m
[0m[K[0m
[1m[36m▐     ⠠  ▌[0m Running job...[0m
[0m[K[0m
[1m[36m▐      ⠂ ▌[0m Running job...[0m
[0m[K[0m
[1m[36m▐      ⠈ ▌[0m Running job...[0m
[0m[K[0m
[1m[36m▐       ⠂▌[0m Running job...[0m
[0m[K[0m
[1m[36m▐       ⠠▌[0m Running job...[0m
[0m[K[0m
[1m[36m▐       ⡀▌[0m Running job...[0m
[0m[K[0m
[1m[36m▐      ⠠ ▌[0m Running job...[0m
[0m[K[0m
[1m[36m▐      ⠂ ▌[0m Running job...[0m
[0m[K[0m
[1m[36m▐     ⠈  ▌[0m Running job...[0m
[0m[K[0m
[1m[36m▐     ⠂  ▌[0m Running job...[0m
[0m[K[0m
[1m[36m▐    ⠠   ▌[0m Running job...[0m
[0m[K[0m
[1m[36m▐    ⡀   ▌[0m Running job...[0m
[0m[K[0m
[1m[36m▐   ⠠    ▌[0m Running job...[0m
[0m[K[0m
[1m[36m▐   ⠂    ▌[0m Running job...[0m
[0m[K[0m
[1m[36m▐  ⠈     ▌[0m Running job...[0m
[0m[K[0m
[1m[36m▐  ⠂     ▌[0m Running job...[0m
[0m[K[0m
[1m[36m▐ ⠠      ▌[0m Running job...[0m
[0m[K[0m
[1m[36m▐ ⡀      ▌[0m Running job...[0m
[0m[K[0m
[1m[36m▐⠠       ▌[0m Running job...[0m
[0m[K[0m
[1m[36m▐⠂       ▌[0m Running job...[0m
[0m[K[0m
[1m[36m▐⠈       ▌[0m Running job...[0m
[0m[K[0m
[1m[36m▐ ⠂      ▌[0m Running job...[0m
[0m[K[0m
[1m[36m▐ ⠠      ▌[0m Running job...[0m
[0m[K[0m
[1m[36m▐  ⡀     ▌[0m Running job...[0m
[0m[K[0m
[1m[36m▐  ⠠     ▌[0m Running job...[0m
[0m[K[0m
[1m[36m▐   ⠂    ▌[0m Running job...[0m
[0m[K[0m
[1m[36m▐   ⠈    ▌[0m Running job...[0m
[0m[K[0m
[1m[36m▐    ⠂   ▌[0m Running job...[0m
[0m[K[0m
[1m[36m▐    ⠠   ▌[0m Running job...[0m
[0m[K[0m
[1m[36m▐     ⡀  ▌[0m Running job...[0m
[0m[K[0m
[1m[36m▐     ⠠  ▌[0m Running job...[0m
[0m[K[0m
[1m[36m▐      ⠂ ▌[0m Running job...[0m
[0m[K[0m
[1m[36m▐      ⠈ ▌[0m Running job...[0m
[0m[K[0m
[1m[36m▐       ⠂▌[0m Running job...[0m
[0m[K[0m
[1m[36m▐       ⠠▌[0m Running job...[0m
[0m[K[0m
[1m[36m▐       ⡀▌[0m Running job...[0m
[0m[K[0m
[1m[36m▐      ⠠ ▌[0m Running job...[0m
[0m[K[0m
[1m[36m▐      ⠂ ▌[0m Running job...[0m
[0m[K[0m
[1m[36m▐     ⠈  ▌[0m Running job...[0m
[0m[K[0m
[1m[36m▐     ⠂  ▌[0m Running job...[0m
[0m[K[0m
[1m[36m▐    ⠠   ▌[0m Running job...[0m
[0m[K[0m
[1m[36m▐    ⡀   ▌[0m Running job...[0m
[0m[K[0m
[1m[36m▐   ⠠    ▌[0m Running job...[0m
[0m[K[0m
[1m[36m▐   ⠂    ▌[0m Running job...[0m
[0m[K[0m
[1m[36m▐  ⠈     ▌[0m Running job...[0m
[0m[K[0m
[1m[36m▐  ⠂     ▌[0m Running job...[0m
[0m[K[0m
[1m[36m▐ ⠠      ▌[0m Running job...[0m
[0m[K[0m
[1m[36m▐ ⡀      ▌[0m Running job...[0m
[0m[K[0m
[1m[36m▐⠠       ▌[0m Running job...[0m
[0m[K[0m
[1m[36m▐⠂       ▌[0m Running job...[0m
[0m[K[0m
[1m[36m▐⠈       ▌[0m Running job...[0m
[0m[K[0m
[1m[36m▐ ⠂      ▌[0m Running job...[0m
[0m[K[0m
[1m[36m▐ ⠠      ▌[0m Running job...[0m
[0m[K[0m
[1m[36m▐  ⡀     ▌[0m Running job...[0m
[0m[K[0m
[1m[36m▐  ⠠     ▌[0m Running job...[0m
[0m[K[0m
[1m[36m▐   ⠂    ▌[0m Running job...[0m
[0m[K[0m
[1m[36m▐   ⠈    ▌[0m Running job...[0m
[0m[K[0m
[1m[36m▐    ⠂   ▌[0m Running job...[0m
[0m[K[0m
[1m[36m▐    ⠠   ▌[0m Running job...[0m
[0m[K[0m
[1m[36m▐     ⡀  ▌[0m Running job...[0m
[0m[K[0m
[1m[36m▐     ⠠  ▌[0m Running job...[0m
[0m[K[0m
[1m[36m▐      ⠂ ▌[0m Running job...[0m
[0m[K[0m
[1m[36m▐      ⠈ ▌[0m Running job...[0m
[0m[K[0m
[1m[36m▐       ⠂▌[0m Running job...[0m
[0m[K[0m
[1m[36m▐       ⠠▌[0m Running job...[0m
[0m[K[0m
[1m[36m▐       ⡀▌[0m Running job...[0m
[0m[K[0m
[1m[36m▐      ⠠ ▌[0m Running job...[0m
[0m[K[0m
[1m[36m▐      ⠂ ▌[0m Running job...[0m
[0m[K[0m
[1m[36m▐     ⠈  ▌[0m Running job...[0m
[0m[K[0m
[1m[36m▐     ⠂  ▌[0m Running job...[0m
[0m[K[0m
[1m[36m▐    ⠠   ▌[0m Running job...[0m
[0m[K[0m
[1m[36m▐    ⡀   ▌[0m Running job...[0m
[0m[K[0m
[1m[36m▐   ⠠    ▌[0m Running job...[0m
[0m[K[0m
[1m[36m▐   ⠂    ▌[0m Running job...[0m
[0m[K[0m
[1m[36m▐  ⠈     ▌[0m Running job...[0m
[0m[K[0m
[1m[36m▐  ⠂     ▌[0m Running job...[0m
[0m[K[0m
[1m[36m▐ ⠠      ▌[0m Running job...[0m
[0m[K[0m
[1m[36m▐ ⡀      ▌[0m Running job...[0m
[0m[K[0m
[1m[36m▐⠠       ▌[0m Running job...[0m
[0m[K[0m
[1m[36m▐⠂       ▌[0m Running job...[0m
[0m[K[0m
[1m[36m▐⠈       ▌[0m Running job...[0m
[0m[K[0m
[1m[36m▐ ⠂      ▌[0m Running job...[0m
[0m[K[0m
[1m[36m▐ ⠠      ▌[0m Running job...[0m
[0m[K[0m
[1m[36m▐  ⡀     ▌[0m Running job...[0m
[0m[K[0m
[1m[36m▐  ⠠     ▌[0m Running job...[0m
[0m[K[0m
[1m[36m▐   ⠂    ▌[0m Running job...[0m
[0m[K[0m
[1m[36m▐   ⠈    ▌[0m Running job...[0m
[0m[K[0m
[1m[36m▐    ⠂   ▌[0m Running job...[0m
[0m[K[0m
[1m[36m▐    ⠠   ▌[0m Running job...[0m
[0m[K[0m
[1m[36m▐     ⡀  ▌[0m Running job...[0m
[0m[K[0m
[1m[36m▐     ⠠  ▌[0m Running job...[0m
[0m[K[0m
[1m[36m▐      ⠂ ▌[0m Running job...[0m
[0m[K[0m
[1m[36m▐      ⠈ ▌[0m Running job...[0m
[0m[K[0m
[1m[36m▐       ⠂▌[0m Running job...[0m
[0m[K[0m
[1m[36m▐       ⠠▌[0m Running job...[0m
[0m[K[0m
[1m[36m▐       ⡀▌[0m Running job...[0m
[0m[K[0m
[1m[36m▐      ⠠ ▌[0m Running job...[0m
[0m[K[0m
[1m[36m▐      ⠂ ▌[0m Running job...[0m
[0m[K[0m
[1m[36m▐     ⠈  ▌[0m Running job...[0m
[0m[K[0m
[1m[36m▐     ⠂  ▌[0m Running job...[0m
[0m[K[0m
[1m[36m▐    ⠠   ▌[0m Running job...[0m
[0m[K[0m
[1m[36m▐    ⡀   ▌[0m Running job...[0m
[0m[K[0m
[1m[36m▐   ⠠    ▌[0m Running job...[0m
[0m[K[0m
[1m[36m▐   ⠂    ▌[0m Running job...[0m
[0m[K[0m
[1m[36m▐  ⠈     ▌[0m Running job...[0m
[0m[K[0m
[1m[36m▐  ⠂     ▌[0m Running job...[0m
[0m[K[0m
[1m[36m▐ ⠠      ▌[0m Running job...[0m
[0m[K[0m
[1m[36m▐ ⡀      ▌[0m Running job...[0m
[0m[K[0m
[1m[36m▐⠠       ▌[0m Running job...[0m
[0m[K[0m
[1m[36m▐⠂       ▌[0m Running job...[0m
[0m[K[0m
[1m[36m▐⠈       ▌[0m Running job...[0m
[0m[K[0m
[1m[36m▐ ⠂      ▌[0m Running job...[0m
[0m[K[0m
[1m[36m▐ ⠠      ▌[0m Running job...[0m
[0m[K[0m
[1m[36m▐  ⡀     ▌[0m Running job...[0m
[0m[K[0m
[1m[36m▐  ⠠     ▌[0m Running job...[0m
[0m[K[0m
[1m[36m▐   ⠂    ▌[0m Running job...[0m
[0m[K[0m
[1m[36m▐   ⠈    ▌[0m Running job...[0m
[0m[K[0m
[1m[36m▐    ⠂   ▌[0m Running job...[0m
[0m[K[0m
[1m[36m▐    ⠠   ▌[0m Running job...[0m
[0m[K[0m
[1m[36m▐     ⡀  ▌[0m Running job...[0m
[0m[K[0m
[1m[36m▐     ⠠  ▌[0m Running job...[0m
[0m[K[0m
[1m[36m▐      ⠂ ▌[0m Running job...[0m
[0m[K[0m
[1m[36m▐      ⠈ ▌[0m Running job...[0m
[0m[K[0m
[1m[36m▐       ⠂▌[0m Running job...[0m
[0m[K[0m
[1m[36m▐       ⠠▌[0m Running job...[0m
[0m[K[0m
[1m[36m▐       ⡀▌[0m Running job...[0m
[0m[K[0m
[1m[36m▐      ⠠ ▌[0m Running job...[0m
[0m[K[0m
[1m[36m▐      ⠂ ▌[0m Running job...[0m
[0m[K[0m
[1m[36m▐     ⠈  ▌[0m Running job...[0m
[0m[K[0m
[1m[36m▐     ⠂  ▌[0m Running job...[0m
[0m[K[0m
[1m[36m▐    ⠠   ▌[0m Running job...[0m
[0m[K[0m
[1m[36m▐    ⡀   ▌[0m Running job...[0m
[0m[K[0m
[1m[36m▐   ⠠    ▌[0m Running job...[0m
[0m[K[0m
[1m[36m▐   ⠂    ▌[0m Running job...[0m
[0m[K[0m
[1m[36m▐  ⠈     ▌[0m Running job...[0m
[0m[K[0m
[1m[36m▐  ⠂     ▌[0m Running job...[0m
[0m[K[0m
[1m[36m▐ ⠠      ▌[0m Running job...[0m
[0m[K[0m
[1m[36m▐ ⡀      ▌[0m Running job...[0m
[0m[K[0m
[1m[36m▐⠠       ▌[0m Running job...[0m
[0m[K[0m
[1m[36m▐⠂       ▌[0m Running job...[0m
[0m[K[0m
[1m[36m▐⠈       ▌[0m Running job...[0m
[0m[K[0m
[1m[36m▐ ⠂      ▌[0m Running job...[0m
[0m[K[0m
[1m[36m▐ ⠠      ▌[0m Running job...[0m
[0m[K[0m
[1m[36m▐  ⡀     ▌[0m Running job...[0m
[0m[K[0m
[1m[36m▐  ⠠     ▌[0m Running job...[0m
[0m[K[0m
[1m[36m▐   ⠂    ▌[0m Running job...[0m
[0m[K[0m
[1m[36m▐   ⠈    ▌[0m Running job...[0m
[0m[K[0m
[1m[36m▐    ⠂   ▌[0m Running job...[0m
[0m[K[0m
[1m[36m▐    ⠠   ▌[0m Running job...[0m
[0m[K[0m
[1m[36m▐     ⡀  ▌[0m Running job...[0m
[0m[K[0m
[1m[36m▐     ⠠  ▌[0m Running job...[0m
[0m[K[0m
[1m[36m▐      ⠂ ▌[0m Running job...[0m
[0m[K[0m
[1m[36m▐      ⠈ ▌[0m Running job...[0m
[0m[K[0m
[1m[36m▐       ⠂▌[0m Running job...[0m
[0m[K[0m
[1m[36m▐       ⠠▌[0m Running job...[0m
[0m[K[0m
[1m[36m▐       ⡀▌[0m Running job...[0m
[0m[K[0m
[1m[36m▐      ⠠ ▌[0m Running job...[0m
[0m[K[0m
[1m[36m▐      ⠂ ▌[0m Running job...[0m
[0m[K[0m
[1m[36m▐     ⠈  ▌[0m Running job...[0m
[0m[K[0m
[1m[36m▐     ⠂  ▌[0m Running job...[0m
[0m[K[0m
[1m[36m▐    ⠠   ▌[0m Running job...[0m
[0m[K[0m
[1m[36m▐    ⡀   ▌[0m Running job...[0m
[0m[K[0m
[1m[36m▐   ⠠    ▌[0m Running job...[0m
[0m[K[0m
[1m[36m▐   ⠂    ▌[0m Running job...[0m
[0m[K[0m
[1m[36m▐  ⠈     ▌[0m Running job...[0m
[0m[K[0m
[1m[36m▐  ⠂     ▌[0m Running job...[0m
[0m[K[0m
[1m[36m▐ ⠠      ▌[0m Running job...[0m
[0m[K[0m
[1m[36m▐ ⡀      ▌[0m Running job...[0m
[0m[K[0m
[1m[36m▐⠠       ▌[0m Running job...[0m
[0m[K[0m
[1m[36m▐⠂       ▌[0m Running job...[0m
[0m[K[0m
[1m[36m▐⠈       ▌[0m Running job...[0m
[0m[K[0m
[1m[36m▐ ⠂      ▌[0m Running job...[0m
[0m[K[0m
[1m[36m▐ ⠠      ▌[0m Running job...[0m
[0m[K[0m
[1m[36m▐  ⡀     ▌[0m Running job...[0m
[0m[K[0m
[1m[36m▐  ⠠     ▌[0m Running job...[0m
[0m[K[0m
[1m[36m▐   ⠂    ▌[0m Running job...[0m
[0m[K[0m
[1m[36m▐   ⠈    ▌[0m Running job...[0m
[0m[K[0m
[1m[36m▐    ⠂   ▌[0m Running job...[0m
[0m[K[0m
[1m[36m▐    ⠠   ▌[0m Running job...[0m
[0m[K[0m
[1m[36m▐     ⡀  ▌[0m Running job...[0m
[0m[K[0m
[1m[36m▐     ⠠  ▌[0m Running job...[0m
[0m[K[0m
[1m[36m▐      ⠂ ▌[0m Running job...[0m
[0m[K[0m
[1m[36m▐      ⠈ ▌[0m Running job...[0m
[0m[K[0m
[1m[36m▐       ⠂▌[0m Running job...[0m
[0m[K[0m
[1m[36m▐       ⠠▌[0m Running job...[0m
[0m[K[0m
[1m[36m▐       ⡀▌[0m Running job...[0m
[0m[K[0m
[1m[36m▐      ⠠ ▌[0m Running job...[0m
[0m[K[0m
[1m[36m▐      ⠂ ▌[0m Running job...[0m
[0m[K[0m
[1m[36m▐     ⠈  ▌[0m Running job...[0m
[0m[K[0m
[1m[36m▐     ⠂  ▌[0m Running job...[0m
[0m[K[0m
[1m[36m▐    ⠠   ▌[0m Running job...[0m
[0m[K[0m
[1m[36m▐    ⡀   ▌[0m Running job...[0m
[0m[K[0m
[1m[36m▐   ⠠    ▌[0m Running job...[0m
[0m[K[0m
[1m[36m▐   ⠂    ▌[0m Running job...[0m
[0m[K[0m
[1m[36m▐  ⠈     ▌[0m Running job...[0m
[0m[K[0m
[1m[36m▐  ⠂     ▌[0m Running job...[0m
[0m[K[0m
[1m[36m▐ ⠠      ▌[0m Running job...[0m
[0m[K[0m
[1m[36m▐ ⡀      ▌[0m Running job...[0m
[0m[K[0m
[1m[36m▐⠠       ▌[0m Running job...[0m
[0m[K[0m
[1m[36m▐⠂       ▌[0m Running job...[0m
[0m[K[0m
[1m[36m▐⠈       ▌[0m Running job...[0m
[0m[K[0m
[1m[36m▐ ⠂      ▌[0m Running job...[0m
[0m[K[0m
[1m[36m▐ ⠠      ▌[0m Running job...[0m
[0m[K[0m
[1m[36m▐  ⡀     ▌[0m Running job...[0m
[0m[K[0m
[1m[36m▐  ⠠     ▌[0m Running job...[0m
[0m[K[0m
[1m[36m▐   ⠂    ▌[0m Running job...[0m
[0m[K[0m
[1m[36m▐   ⠈    ▌[0m Running job...[0m
[0m[K[0m
[1m[36m▐    ⠂   ▌[0m Running job...[0m
[0m[K[0m
[1m[36m▐    ⠠   ▌[0m Running job...[0m
[0m[K[0m
[1m[36m▐     ⡀  ▌[0m Running job...[0m
[0m[K[0m
[1m[36m▐     ⠠  ▌[0m Running job...[0m
[0m[K[0m
[1m[36m▐      ⠂ ▌[0m Running job...[0m
[0m[K[0m
[1m[36m▐      ⠈ ▌[0m Running job...[0m
[0m[K[0m
[1m[36m▐       ⠂▌[0m Running job...[0m
[0m[K[0m
[1m[36m▐       ⠠▌[0m Running job...[0m
[0m[K[0m
[1m[36m▐       ⡀▌[0m Running job...[0m
[0m[K[0m
[1m[36m▐      ⠠ ▌[0m Running job...[0m
[0m[K[0m
[1m[36m▐      ⠂ ▌[0m Running job...[0m
[0m[K[0m
[1m[36m▐     ⠈  ▌[0m Running job...[0m
[0m[K[0m
[1m[36m▐     ⠂  ▌[0m Running job...[0m
[0m[K[0m
[1m[36m▐    ⠠   ▌[0m Running job...[0m
[0m[K[0m
[1m[36m▐    ⡀   ▌[0m Running job...[0m
[0m[K[0m
[1m[36m▐   ⠠    ▌[0m Running job...[0m
[0m[K[0m
[1m[36m▐   ⠂    ▌[0m Running job...[0m
[0m[K[0m
[1m[36m▐  ⠈     ▌[0m Running job...[0m
[0m[K[0m
[1m[36m▐  ⠂     ▌[0m Running job...[0m
[0m[K[0m
[1m[36m▐ ⠠      ▌[0m Running job...[0m
[0m[K[0m
[1m[36m▐ ⡀      ▌[0m Running job...[0m
[0m[K[0m
[1m[36m▐⠠       ▌[0m Running job...[0m
[0m[K[0m
[1m[36m▐⠂       ▌[0m Running job...[0m
[0m[K[0m
[1m[36m▐⠈       ▌[0m Running job...[0m
[0m[K[0m
[1m[36m▐ ⠂      ▌[0m Running job...[0m
[0m[K[0m
[1m[36m▐ ⠠      ▌[0m Running job...[0m
[0m[K[0m
[1m[36m▐  ⡀     ▌[0m Running job...[0m
[0m[K[0m
[1m[36m▐  ⠠     ▌[0m Running job...[0m
[0m[K[0m
[1m[36m▐   ⠂    ▌[0m Running job...[0m
[0m[K[0m
[1m[36m▐   ⠈    ▌[0m Running job...[0m
[0m[K[0m
[1m[36m▐    ⠂   ▌[0m Running job...[0m
[0m[K[0m
[1m[36m▐    ⠠   ▌[0m Running job...[0m
[0m[K[0m
[1m[36m▐     ⡀  ▌[0m Running job...[0m
[0m[K[0m
[1m[36m▐     ⠠  ▌[0m Running job...[0m
[0m[K[0m
[1m[36m▐      ⠂ ▌[0m Running job...[0m
[0m[K[0m
[1m[36m▐      ⠈ ▌[0m Running job...[0m
[0m[K[0m
[1m[36m▐       ⠂▌[0m Running job...[0m
[0m[K[0m
[1m[36m▐       ⠠▌[0m Running job...[0m
[0m[K[0m
[1m[36m▐       ⡀▌[0m Running job...[0m
[0m[K[0m
[1m[36m▐      ⠠ ▌[0m Running job...[0m
[0m[K[0m
[1m[36m▐      ⠂ ▌[0m Running job...[0m
[0m[K[0m
[1m[36m▐     ⠈  ▌[0m Running job...[0m
[0m[K[0m
[1m[36m▐     ⠂  ▌[0m Running job...[0m
[0m[K[0m
[1m[36m▐    ⠠   ▌[0m Running job...[0m
[0m[K[0m
[1m[36m▐    ⡀   ▌[0m Running job...[0m
[0m[K[0m
[1m[36m▐   ⠠    ▌[0m Running job...[0m
[0m[K[0m
[1m[36m▐   ⠂    ▌[0m Running job...[0m
[0m[K[0m
[1m[36m▐  ⠈     ▌[0m Running job...[0m
[0m[K[0m
[1m[36m▐  ⠂     ▌[0m Running job...[0m
[0m[K[0m
[1m[36m▐ ⠠      ▌[0m Running job...[0m
[0m[K[0m
[1m[36m▐ ⡀      ▌[0m Running job...[0m
[0m[K[0m
[1m[36m▐⠠       ▌[0m Running job...[0m
[0m[K[0m
[1m[36m▐⠂       ▌[0m Running job...[0m
[0m[K[0m
[1m[36m▐⠈       ▌[0m Running job...[0m
[0m[K[0m
[1m[36m▐ ⠂      ▌[0m Running job...[0m
[0m[K[0m
[1m[36m▐ ⠠      ▌[0m Running job...[0m
[0m[K[0m
[1m[36m▐  ⡀     ▌[0m Running job...[0m
[0m[K[0m
[1m[36m▐  ⠠     ▌[0m Running job...[0m
[0m[K[0m
[1m[36m▐   ⠂    ▌[0m Running job...[0m
[0m[K[0m
[1m[36m▐   ⠈    ▌[0m Running job...[0m
[0m[K[0m
[1m[36m▐    ⠂   ▌[0m Running job...[0m
[0m[K[0m
[1m[36m▐    ⠠   ▌[0m Running job...[0m
[0m[K[0m
[1m[36m▐     ⡀  ▌[0m Running job...[0m
[0m[K[0m
[1m[36m▐     ⠠  ▌[0m Running job...[0m
[0m[K[0m
[1m[36m▐      ⠂ ▌[0m Running job...[0m
[0m[K[0m
[1m[36m▐      ⠈ ▌[0m Running job...[0m
[0m[K[0m
[1m[36m▐       ⠂▌[0m Running job...[0m
[0m[K[0m
[1m[36m▐       ⠠▌[0m Running job...[0m
[0m[K[0m
[1m[36m▐       ⡀▌[0m Running job...[0m
[0m[K[0m
[1m[36m▐      ⠠ ▌[0m Running job...[0m
[0m[K[0m
[1m[36m▐      ⠂ ▌[0m Running job...[0m
[0m[K[0m
[1m[36m▐     ⠈  ▌[0m Running job...[0m
[0m[K[0m
[1m[36m▐     ⠂  ▌[0m Running job...[0m
[0m[K[0m
[1m[36m▐    ⠠   ▌[0m Running job...[0m
[0m[K[0m
[1m[36m▐    ⡀   ▌[0m Running job...[0m
[0m[K[0m
[1m[36m▐   ⠠    ▌[0m Running job...[0m
[0m[K[0m
[1m[36m▐   ⠂    ▌[0m Running job...[0m
[0m[K[0m
[1m[36m▐  ⠈     ▌[0m Running job...[0m
[0m[K[0m
[1m[36m▐  ⠂     ▌[0m Running job...[0m
[0m[K[0m
[1m[36m▐ ⠠      ▌[0m Running job...[0m
[0m[K[0m
[1m[36m▐ ⡀      ▌[0m Running job...[0m
[0m[K[0m
[1m[36m▐⠠       ▌[0m Running job...[0m
[0m[K[0m
[1m[36m▐⠂       ▌[0m Running job...[0m
[0m[K[0m
[1m[36m▐⠈       ▌[0m Running job...[0m
[0m[K[0m
[1m[36m▐ ⠂      ▌[0m Running job...[0m
[0m[K[0m
[1m[36m▐ ⠠      ▌[0m Running job...[0m
[0m[K[0m
[1m[36m▐  ⡀     ▌[0m Running job...[0m
[0m[K[0m
[1m[36m▐  ⠠     ▌[0m Running job...[0m
[0m[K[0m
[1m[36m▐   ⠂    ▌[0m Running job...[0m
[0m[K[0m
[1m[36m▐   ⠈    ▌[0m Running job...[0m
[0m[K[0m
[1m[36m▐    ⠂   ▌[0m Running job...[0m
[0m[K[0m
[1m[36m▐    ⠠   ▌[0m Running job...[0m
[0m[K[0m
[1m[36m▐     ⡀  ▌[0m Running job...[0m
[0m[K[0m
[1m[36m▐     ⠠  ▌[0m Running job...[0m
[0m[K[0m
[1m[36m▐      ⠂ ▌[0m Running job...[0m
[0m[K[0m
[1m[36m▐      ⠈ ▌[0m Running job...[0m
[0m[K[0m
[1m[36m▐       ⠂▌[0m Running job...[0m
[0m[K[0m
[1m[36m▐       ⠠▌[0m Running job...[0m
[0m[K[0m
[1m[36m▐       ⡀▌[0m Running job...[0m
[0m[K[0m
[1m[36m▐      ⠠ ▌[0m Running job...[0m
[0m[K[0m
[1m[36m▐      ⠂ ▌[0m Running job...[0m
[0m[K[0m
[1m[36m▐     ⠈  ▌[0m Running job...[0m
[0m[K[0m
[1m[36m▐     ⠂  ▌[0m Running job...[0m
[0m[K[0m
[1m[36m▐    ⠠   ▌[0m Running job...[0m
[0m[K[0m
[1m[36m▐    ⡀   ▌[0m Running job...[0m
[0m[K[0m
[1m[36m▐   ⠠    ▌[0m Running job...[0m
[0m[K[0m
[1m[36m▐   ⠂    ▌[0m Running job...[0m
[0m[K[0m
[1m[36m▐  ⠈     ▌[0m Running job...[0m
[0m[K[0m
[1m[36m▐  ⠂     ▌[0m Running job...[0m
[0m[K[0m
[1m[36m▐ ⠠      ▌[0m Running job...[0m
[0m[K[0m
[1m[36m▐ ⡀      ▌[0m Running job...[0m
[0m[K[0m
[1m[36m▐⠠       ▌[0m Running job...[0m
[0m[K[0m
[1m[36m▐⠂       ▌[0m Running job...[0m
[0m[K[0m
[1m[36m▐⠈       ▌[0m Running job...[0m
[0m[K[0m
[1m[36m▐ ⠂      ▌[0m Running job...[0m
[0m[K[0m
[1m[36m▐ ⠠      ▌[0m Running job...[0m
[0m[K[0m
[1m[36m▐  ⡀     ▌[0m Running job...[0m
[0m[K[0m
[1m[36m▐  ⠠     ▌[0m Running job...[0m
[0m[K[0m
[1m[36m▐   ⠂    ▌[0m Running job...[0m
[0m[K[0m
[1m[36m▐   ⠈    ▌[0m Running job...[0m
[0m[K[0m
[1m[36m▐    ⠂   ▌[0m Running job...[0m
[0m[K[0m
[1m[36m▐    ⠠   ▌[0m Running job...[0m
[0m[K[0m
[1m[36m▐     ⡀  ▌[0m Running job...[0m
[0m[K[0m
[1m[36m▐     ⠠  ▌[0m Running job...[0m
[0m[K[0m
[1m[36m▐      ⠂ ▌[0m Running job...[0m
[0m[K[0m
[1m[36m▐      ⠈ ▌[0m Running job...[0m
[0m[K[0m
[1m[36m▐       ⠂▌[0m Running job...[0m
[0m[K[0m
[1m[36m▐       ⠠▌[0m Running job...[0m
[0m[K[0m
[1m[36m▐       ⡀▌[0m Running job...[0m
[0m[K[0m
[1m[36m▐      ⠠ ▌[0m Running job...[0m
[0m[K[0m
[1m[36m▐      ⠂ ▌[0m Running job...[0m
[0m[K[0m
[1m[36m▐     ⠈  ▌[0m Running job...[0m
[0m[K[0m
[1m[36m▐     ⠂  ▌[0m Running job...[0m
[0m[K[0m
[1m[36m▐    ⠠   ▌[0m Running job...[0m
[0m[K[0m
[1m[36m▐    ⡀   ▌[0m Running job...[0m
[0m[K[0m
[1m[36m▐   ⠠    ▌[0m Running job...[0m
[0m[K[0m
[1m[36m▐   ⠂    ▌[0m Running job...[0m
[0m[K[0m
[1m[36m▐  ⠈     ▌[0m Running job...[0m
[0m[K[0m
[1m[36m▐  ⠂     ▌[0m Running job...[0m
[0m[K[0m
[1m[36m▐ ⠠      ▌[0m Running job...[0m
[0m[K[0m
[1m[36m▐ ⡀      ▌[0m Running job...[0m
[0m[K[0m
[1m[36m▐⠠       ▌[0m Running job...[0m
[0m[K[0m
[1m[36m▐⠂       ▌[0m Running job...[0m
[0m[K[0m
[1m[36m▐⠈       ▌[0m Running job...[0m
[0m[K[0m
[1m[36m▐ ⠂      ▌[0m Running job...[0m
[0m[K[0m
[1m[36m▐ ⠠      ▌[0m Running job...[0m
[0m[K[0m
[1m[36m▐  ⡀     ▌[0m Running job...[0m
[0m[K[0m
[1m[36m▐  ⠠     ▌[0m Running job...[0m
[0m[K[0m
[1m[36m▐   ⠂    ▌[0m Running job...[0m
[0m[K[0m
[1m[36m▐   ⠈    ▌[0m Running job...[0m
[0m[K[0m
[1m[36m▐    ⠂   ▌[0m Running job...[0m
[0m[K[0m
[1m[36m▐    ⠠   ▌[0m Running job...[0m
[0m[K[0m
[1m[36m▐     ⡀  ▌[0m Running job...[0m
[0m[K[0m
[1m[36m▐     ⠠  ▌[0m Running job...[0m
[0m[K[0m
[1m[36m▐      ⠂ ▌[0m Running job...[0m
[0m[K[0m
[1m[36m▐      ⠈ ▌[0m Running job...[0m
[0m[K[0m
[1m[36m▐       ⠂▌[0m Running job...[0m
[0m[K[0m
[1m[36m▐       ⠠▌[0m Running job...[0m
[0m[K[0m
[1m[36m▐       ⡀▌[0m Running job...[0m
[0m[K[0m
[1m[36m▐      ⠠ ▌[0m Running job...[0m
[0m[K[0m
[1m[36m▐      ⠂ ▌[0m Running job...[0m
[0m[K[0m
[1m[36m▐     ⠈  ▌[0m Running job...[0m
[0m[K[0m
[1m[36m▐     ⠂  ▌[0m Running job...[0m
[0m[K[0m
[1m[36m▐    ⠠   ▌[0m Running job...[0m
[0m[K[0m
[1m[36m▐    ⡀   ▌[0m Running job...[0m
[0m[K[0m
[1m[36m▐   ⠠    ▌[0m Running job...[0m
[0m[K[0m
[1m[36m▐   ⠂    ▌[0m Running job...[0m
[0m[K[0m
[1m[36m▐  ⠈     ▌[0m Running job...[0m
[0m[K[0m
[1m[36m▐  ⠂     ▌[0m Running job...[0m
[0m[K[0m
[1m[36m▐ ⠠      ▌[0m Running job...[0m
[0m[K[0m
[1m[36m▐ ⡀      ▌[0m Running job...[0m
[0m[K[0m
[1m[36m▐⠠       ▌[0m Running job...[0m
[0m[K[0m
[1m[36m▐⠂       ▌[0m Running job...[0m
[0m[K[0m
[1m[36m▐⠈       ▌[0m Running job...[0m
[0m[K[0m
[1m[36m▐ ⠂      ▌[0m Running job...[0m
[0m[K[0m
[1m[36m▐ ⠠      ▌[0m Running job...[0m
[0m[K[0m
[1m[36m▐  ⡀     ▌[0m Running job...[0m
[0m[K[0m
[1m[36m▐  ⠠     ▌[0m Running job...[0m
[0m[K[0m
[1m[36m▐   ⠂    ▌[0m Running job...[0m
[0m[K[0m
[1m[36m▐   ⠈    ▌[0m Running job...[0m
[0m[K[0m
[1m[36m▐    ⠂   ▌[0m Running job...[0m
[0m[K[0m
[1m[36m▐    ⠠   ▌[0m Running job...[0m
[0m[K[0m
[1m[36m▐     ⡀  ▌[0m Running job...[0m
[0m[K[0m
[1m[36m▐     ⠠  ▌[0m Running job...[0m
[0m[K[0m
[1m[36m▐      ⠂ ▌[0m Running job...[0m
[0m[K[0m
[1m[36m▐      ⠈ ▌[0m Running job...[0m
[0m[K[0m
[1m[36m▐       ⠂▌[0m Running job...[0m
[0m[K[0m
[1m[36m▐       ⠠▌[0m Running job...[0m
[0m[K[0m
[1m[36m▐       ⡀▌[0m Running job...[0m
[0m[K[0m
[1m[36m▐      ⠠ ▌[0m Running job...[0m
[0m[K[0m
[1m[36m▐      ⠂ ▌[0m Running job...[0m
[0m[K[0m
[1m[36m▐     ⠈  ▌[0m Running job...[0m
[0m[K[0m
[1m[36m▐     ⠂  ▌[0m Running job...[0m
[0m[K[0m
[1m[36m▐    ⠠   ▌[0m Running job...[0m
[0m[K[0m
[1m[36m▐    ⡀   ▌[0m Running job...[0m
[0m[K[0m
[1m[36m▐   ⠠    ▌[0m Running job...[0m
[0m[K[0m
[1m[36m▐   ⠂    ▌[0m Running job...[0m
[0m[K[0m
[1m[36m▐  ⠈     ▌[0m Running job...[0m
[0m[K[0m
[1m[36m▐  ⠂     ▌[0m Running job...[0m
[0m[K[0m
[1m[36m▐ ⠠      ▌[0m Running job...[0m
[0m[K[0m
[1m[36m▐ ⡀      ▌[0m Running job...[0m
[0m[K[0m
[1m[36m▐⠠       ▌[0m Running job...[0m
[0m[K[0m
[1m[36m▐⠂       ▌[0m Running job...[0m
[0m[K[0m
[1m[36m▐⠈       ▌[0m Running job...[0m
[0m[K[0m
[1m[36m▐ ⠂      ▌[0m Running job...[0m
[0m[K[0m
[1m[36m▐ ⠠      ▌[0m Running job...[0m
[0m[K[0m
[1m[36m▐  ⡀     ▌[0m Running job...[0m
[0m[K[0m
[1m[36m▐  ⠠     ▌[0m Running job...[0m
[0m[K[0m
[1m[36m▐   ⠂    ▌[0m Running job...[0m
[0m[K[0m
[1m[36m▐   ⠈    ▌[0m Running job...[0m
[0m[K[0m
[1m[36m▐    ⠂   ▌[0m Running job...[0m
[0m[K[0m
[1m[36m▐    ⠠   ▌[0m Running job...[0m
[0m[K[0m
[1m[36m▐     ⡀  ▌[0m Running job...[0m
[0m[K[0m
[1m[36m▐     ⠠  ▌[0m Running job...[0m
[0m[K[0m
[1m[36m▐      ⠂ ▌[0m Running job...[0m
[0m[K[0m
[1m[36m▐      ⠈ ▌[0m Running job...[0m
[0m[K[0m
[1m[36m▐       ⠂▌[0m Running job...[0m
[0m[K[0m
[1m[36m▐       ⠠▌[0m Running job...[0m
[0m[K[0m
[1m[36m▐       ⡀▌[0m Running job...[0m
[0m[K[0m
[1m[36m▐      ⠠ ▌[0m Running job...[0m
[0m[K[0m
[1m[36m▐      ⠂ ▌[0m Running job...[0m
[0m[K[0m
[1m[36m▐     ⠈  ▌[0m Running job...[0m
[0m[K[0m
[1m[36m▐     ⠂  ▌[0m Running job...[0m
[0m[K[0m
[1m[36m▐    ⠠   ▌[0m Running job...[0m
[0m[K[0m
[1m[36m▐    ⡀   ▌[0m Running job...[0m
[0m[K[0m
[1m[36m▐   ⠠    ▌[0m Running job...[0m
[0m[K[0m
[1m[36m▐   ⠂    ▌[0m Running job...[0m
[0m[K[0m
[1m[36m▐  ⠈     ▌[0m Running job...[0m
[0m[K[0m
[1m[36m▐  ⠂     ▌[0m Running job...[0m
[0m[K[0m
[1m[36m▐ ⠠      ▌[0m Running job...[0m
[0m[K[0m
[1m[36m▐ ⡀      ▌[0m Running job...[0m
[0m[K[0m
[1m[36m▐⠠       ▌[0m Running job...[0m
[0m[K[0m
[1m[36m▐⠂       ▌[0m Running job...[0m
[0m[K[0m
[1m[36m▐⠈       ▌[0m Running job...[0m
[0m[K[0m
[1m[36m▐ ⠂      ▌[0m Running job...[0m
[0m[K[0m
[1m[36m▐ ⠠      ▌[0m Running job...[0m
[0m[K[0m
[1m[36m▐  ⡀     ▌[0m Running job...[0m
[0m[K[0m
[1m[36m▐  ⠠     ▌[0m Running job...[0m
[0m[K[0m
[1m[36m▐   ⠂    ▌[0m Running job...[0m
[0m[K[0m
[1m[36m▐   ⠈    ▌[0m Running job...[0m
[0m[K[0m
[1m[36m▐    ⠂   ▌[0m Running job...[0m
[0m[K[0m
[1m[36m▐    ⠠   ▌[0m Running job...[0m
[0m[K[0m
[1m[36m▐     ⡀  ▌[0m Running job...[0m
[0m[K[0m
[1m[36m▐     ⠠  ▌[0m Running job...[0m
[0m[K[0m
[1m[36m▐      ⠂ ▌[0m Running job...[0m
[0m[K[0m
[1m[36m▐      ⠈ ▌[0m Running job...[0m
[0m[K[0m
[1m[36m▐       ⠂▌[0m Running job...[0m
[0m[K[0m
[1m[36m▐       ⠠▌[0m Running job...[0m
[0m[K[0m
[1m[36m▐       ⡀▌[0m Running job...[0m
[0m[K[0m
[1m[36m▐      ⠠ ▌[0m Running job...[0m
[0m[K[0m
[1m[36m▐      ⠂ ▌[0m Running job...[0m
[0m[K[0m
[1m[36m▐     ⠈  ▌[0m Running job...[0m
[0m[K[0m
[1m[36m▐     ⠂  ▌[0m Running job...[0m
[0m[K[0m
[1m[36m▐    ⠠   ▌[0m Running job...[0m
[0m[K[0m
[1m[36m▐    ⡀   ▌[0m Running job...[0m
[0m[K[0m
[1m[36m▐   ⠠    ▌[0m Running job...[0m
[0m[K[0m
[1m[36m▐   ⠂    ▌[0m Running job...[0m
[0m[K[0m
[1m[36m▐  ⠈     ▌[0m Running job...[0m
[0m[K[0m
[1m[36m▐  ⠂     ▌[0m Running job...[0m
[0m[K[0m
[1m[36m▐ ⠠      ▌[0m Running job...[0m
[0m[K[0m
[1m[36m▐ ⡀      ▌[0m Running job...[0m
[0m[K[0m
[1m[36m▐⠠       ▌[0m Running job...[0m
[0m[K[0m
[1m[36m▐⠂       ▌[0m Running job...[0m
[0m[K[0m
[1m[36m▐⠈       ▌[0m Running job...[0m
[0m[K[0m
[1m[36m▐ ⠂      ▌[0m Running job...[0m
[0m[K[0m
[1m[36m▐ ⠠      ▌[0m Running job...[0m
[0m[K[0m
[1m[36m▐  ⡀     ▌[0m Running job...[0m
[0m[K[0m
[1m[36m▐  ⠠     ▌[0m Running job...[0m
[0m[K[0m
[1m[36m▐   ⠂    ▌[0m Running job...[0m
[0m[K[0m
[1m[36m▐   ⠈    ▌[0m Running job...[0m
[0m[K[0m
[1m[36m▐    ⠂   ▌[0m Running job...[0m
[0m[K[0m
[1m[36m▐    ⠠   ▌[0m Running job...[0m
[0m[K[0m
[1m[36m▐     ⡀  ▌[0m Running job...[0m
[0m[K[0m
[1m[36m▐     ⠠  ▌[0m Running job...[0m
[0m[K[0m
[1m[36m▐      ⠂ ▌[0m Running job...[0m
[0m[K[0m
[1m[36m▐      ⠈ ▌[0m Running job...[0m
[0m[K[0m
[1m[36m▐       ⠂▌[0m Running job...[0m
[0m[K[0m
[1m[36m▐       ⠠▌[0m Running job...[0m
[0m[K[0m
[1m[36m▐       ⡀▌[0m Running job...[0m
[0m[K[0m
[1m[36m▐      ⠠ ▌[0m Running job...[0m
[0m[K[0m
[1m[36m▐      ⠂ ▌[0m Running job...[0m
[0m[K[0m
[1m[36m▐     ⠈  ▌[0m Running job...[0m
[0m[K[0m
[1m[36m▐     ⠂  ▌[0m Running job...[0m
[0m[K[0m
[1m[36m▐    ⠠   ▌[0m Running job...[0m
[0m[K[0m
[1m[36m▐    ⡀   ▌[0m Running job...[0m
[0m[K[0m
[1m[36m▐   ⠠    ▌[0m Running job...[0m
[0m[K[0m
[1m[36m▐   ⠂    ▌[0m Running job...[0m
[0m[K[0m
[1m[36m▐  ⠈     ▌[0m Running job...[0m
[0m[K[0m
[1m[36m▐  ⠂     ▌[0m Running job...[0m
[0m[K[0m
[1m[36m▐ ⠠      ▌[0m Running job...[0m
[0m[K[0m
[1m[36m▐ ⡀      ▌[0m Running job...[0m
[0m[K[0m
[1m[36m▐⠠       ▌[0m Running job...[0m
[0m[K[0m
[1m[36m▐⠂       ▌[0m Running job...[0m
[0m[K[0m
[1m[36m▐⠈       ▌[0m Running job...[0m
[0m[K[0m
[1m[36m▐ ⠂      ▌[0m Running job...[0m
[0m[K[0m
[1m[36m▐ ⠠      ▌[0m Running job...[0m
[0m[K[0m
[1m[36m▐  ⡀     ▌[0m Running job...[0m
[0m[K[0m
[1m[36m▐  ⠠     ▌[0m Running job...[0m
[0m[K[0m
[1m[36m▐   ⠂    ▌[0m Running job...[0m
[0m[K[0m
[1m[36m▐   ⠈    ▌[0m Running job...[0m
[0m[K[0m
[1m[36m▐    ⠂   ▌[0m Running job...[0m
[0m[K[0m
[1m[36m▐    ⠠   ▌[0m Running job...[0m
[0m[K[0m
[1m[36m▐     ⡀  ▌[0m Running job...[0m
[0m[K[0m
[1m[36m▐     ⠠  ▌[0m Running job...[0m
[0m[K[0m
[1m[36m▐      ⠂ ▌[0m Running job...[0m
[0m[K[0m
[1m[36m▐      ⠈ ▌[0m Running job...[0m
[0m[K[0m
[1m[36m▐       ⠂▌[0m Running job...[0m
[0m[K[0m
[1m[36m▐       ⠠▌[0m Running job...[0m
[0m[K[0m
[1m[36m▐       ⡀▌[0m Running job...[0m
[0m[K[0m
[1m[36m▐      ⠠ ▌[0m Running job...[0m
[0m[K[0m
[1m[36m▐      ⠂ ▌[0m Running job...[0m
[0m[K[0m
[1m[36m▐     ⠈  ▌[0m Running job...[0m
[0m[K[0m
[1m[36m▐     ⠂  ▌[0m Running job...[0m
[0m[K[0m
[1m[36m▐    ⠠   ▌[0m Running job...[0m
[0m[K[0m[?25h[0m🥰 Running job...
[0m[?25l[0m
[0m[K[0m
[1m[36m▐⠂       ▌[0m Fetching results... https://ipfs.io/ipfs/QmNqPUNLT28TZvEWBhEqTU (...)[0m
[0m[K[0m
[1m[36m▐⠈       ▌[0m Fetching results... https://ipfs.io/ipfs/QmNqPUNLT28TZvEWBhEqTU (...)[0m
[0m[K[0m
[1m[36m▐ ⠂      ▌[0m Fetching results... https://ipfs.io/ipfs/QmNqPUNLT28TZvEWBhEqTU (...)[0m
[0m[K[0m
[1m[36m▐ ⠠      ▌[0m Fetching results... https://ipfs.io/ipfs/QmNqPUNLT28TZvEWBhEqTU (...)[0m
[0m[K[0m
[1m[36m▐  ⡀     ▌[0m Fetching results... https://ipfs.io/ipfs/QmNqPUNLT28TZvEWBhEqTU (...)[0m
[0m[K[0m
[1m[36m▐  ⠠     ▌[0m Fetching results... https://ipfs.io/ipfs/QmNqPUNLT28TZvEWBhEqTU (...)[0m
[0m[K[0m
[1m[36m▐   ⠂    ▌[0m Fetching results... https://ipfs.io/ipfs/QmNqPUNLT28TZvEWBhEqTU (...)[0m
[0m[K[0m
[1m[36m▐   ⠈    ▌[0m Fetching results... https://ipfs.io/ipfs/QmNqPUNLT28TZvEWBhEqTU (...)[0m
[0m[K[0m
[1m[36m▐    ⠂   ▌[0m Fetching results... https://ipfs.io/ipfs/QmNqPUNLT28TZvEWBhEqTU (...)[0m
[0m[K[0m
[1m[36m▐    ⠠   ▌[0m Fetching results... https://ipfs.io/ipfs/QmNqPUNLT28TZvEWBhEqTU (...)[0m
[0m[K[0m
[1m[36m▐     ⡀  ▌[0m Fetching results... https://ipfs.io/ipfs/QmNqPUNLT28TZvEWBhEqTU (...)[0m
[0m[K[0m
[1m[36m▐     ⠠  ▌[0m Fetching results... https://ipfs.io/ipfs/QmNqPUNLT28TZvEWBhEqTU (...)[0m
[0m[K[0m
[1m[36m▐      ⠂ ▌[0m Fetching results... https://ipfs.io/ipfs/QmNqPUNLT28TZvEWBhEqTU (...)[0m
[0m[K[0m
[1m[36m▐      ⠈ ▌[0m Fetching results... https://ipfs.io/ipfs/QmNqPUNLT28TZvEWBhEqTU (...)[0m
[0m[K[0m
[1m[36m▐       ⠂▌[0m Fetching results... https://ipfs.io/ipfs/QmNqPUNLT28TZvEWBhEqTU (...)[0m
[0m[K[0m
[1m[36m▐       ⠠▌[0m Fetching results... https://ipfs.io/ipfs/QmNqPUNLT28TZvEWBhEqTU (...)[0m
[0m[K[0m
[1m[36m▐       ⡀▌[0m Fetching results... https://ipfs.io/ipfs/QmNqPUNLT28TZvEWBhEqTU (...)[0m
[0m[K[0m
[1m[36m▐      ⠠ ▌[0m Fetching results... https://ipfs.io/ipfs/QmNqPUNLT28TZvEWBhEqTU (...)[0m
[0m[K[0m
[1m[36m▐      ⠂ ▌[0m Fetching results... https://ipfs.io/ipfs/QmNqPUNLT28TZvEWBhEqTU (...)[0m
[0m[K[0m
[1m[36m▐     ⠈  ▌[0m Fetching results... https://ipfs.io/ipfs/QmNqPUNLT28TZvEWBhEqTU (...)[0m
[0m[K[0m
[1m[36m▐     ⠂  ▌[0m Fetching results... https://ipfs.io/ipfs/QmNqPUNLT28TZvEWBhEqTU (...)[0m
[0m[K[0m
[1m[36m▐    ⠠   ▌[0m Fetching results... https://ipfs.io/ipfs/QmNqPUNLT28TZvEWBhEqTU (...)[0m
[0m[K[0m
[1m[36m▐    ⡀   ▌[0m Fetching results... https://ipfs.io/ipfs/QmNqPUNLT28TZvEWBhEqTU (...)[0m
[0m[K[0m
[1m[36m▐   ⠠    ▌[0m Fetching results... https://ipfs.io/ipfs/QmNqPUNLT28TZvEWBhEqTU (...)[0m
[0m[K[0m
[1m[36m▐   ⠂    ▌[0m Fetching results... https://ipfs.io/ipfs/QmNqPUNLT28TZvEWBhEqTU (...)[0m
[0m[K[0m
[1m[36m▐  ⠈     ▌[0m Fetching results... https://ipfs.io/ipfs/QmNqPUNLT28TZvEWBhEqTU (...)[0m
[0m[K[0m
[1m[36m▐  ⠂     ▌[0m Fetching results... https://ipfs.io/ipfs/QmNqPUNLT28TZvEWBhEqTU (...)[0m
[0m[K[0m
[1m[36m▐ ⠠      ▌[0m Fetching results... https://ipfs.io/ipfs/QmNqPUNLT28TZvEWBhEqTU (...)[0m
[0m[K[0m
[1m[36m▐ ⡀      ▌[0m Fetching results... https://ipfs.io/ipfs/QmNqPUNLT28TZvEWBhEqTU (...)[0m
[0m[K[0m
[1m[36m▐⠠       ▌[0m Fetching results... https://ipfs.io/ipfs/QmNqPUNLT28TZvEWBhEqTU (...)[0m
[0m[K[0m
[1m[36m▐⠂       ▌[0m Fetching results... https://ipfs.io/ipfs/QmNqPUNLT28TZvEWBhEqTU (...)[0m
[0m[K[0m
[1m[36m▐⠈       ▌[0m Fetching results... https://ipfs.io/ipfs/QmNqPUNLT28TZvEWBhEqTU (...)[0m
[0m[K[0m
[1m[36m▐ ⠂      ▌[0m Fetching results... https://ipfs.io/ipfs/QmNqPUNLT28TZvEWBhEqTU (...)[0m
[0m[K[0m
[1m[36m▐ ⠠      ▌[0m Fetching results... https://ipfs.io/ipfs/QmNqPUNLT28TZvEWBhEqTU (...)[0m
[0m[K[0m
[1m[36m▐  ⡀     ▌[0m Fetching results... https://ipfs.io/ipfs/QmNqPUNLT28TZvEWBhEqTU (...)[0m
[0m[K[0m
[1m[36m▐  ⠠     ▌[0m Fetching results... https://ipfs.io/ipfs/QmNqPUNLT28TZvEWBhEqTU (...)[0m
[0m[K[0m
[1m[36m▐   ⠂    ▌[0m Fetching results... https://ipfs.io/ipfs/QmNqPUNLT28TZvEWBhEqTU (...)[0m
[0m[K[0m
[1m[36m▐   ⠈    ▌[0m Fetching results... https://ipfs.io/ipfs/QmNqPUNLT28TZvEWBhEqTU (...)[0m
[0m[K[0m
[1m[36m▐    ⠂   ▌[0m Fetching results... https://ipfs.io/ipfs/QmNqPUNLT28TZvEWBhEqTU (...)[0m
[0m[K[0m
[1m[36m▐    ⠠   ▌[0m Fetching results... https://ipfs.io/ipfs/QmNqPUNLT28TZvEWBhEqTU (...)[0m
[0m[K[0m
[1m[36m▐     ⡀  ▌[0m Fetching results... https://ipfs.io/ipfs/QmNqPUNLT28TZvEWBhEqTU (...)[0m
[0m[K[0m
[1m[36m▐     ⠠  ▌[0m Fetching results... https://ipfs.io/ipfs/QmNqPUNLT28TZvEWBhEqTU (...)[0m
[0m[K[0m
[1m[36m▐      ⠂ ▌[0m Fetching results... https://ipfs.io/ipfs/QmNqPUNLT28TZvEWBhEqTU (...)[0m
[0m[K[0m
[1m[36m▐      ⠈ ▌[0m Fetching results... https://ipfs.io/ipfs/QmNqPUNLT28TZvEWBhEqTU (...)[0m
[0m[K[0m
[1m[36m▐       ⠂▌[0m Fetching results... https://ipfs.io/ipfs/QmNqPUNLT28TZvEWBhEqTU (...)[0m
[0m[K[0m
[1m[36m▐       ⠠▌[0m Fetching results... https://ipfs.io/ipfs/QmNqPUNLT28TZvEWBhEqTU (...)[0m
[0m[K[0m
[1m[36m▐       ⡀▌[0m Fetching results... https://ipfs.io/ipfs/QmNqPUNLT28TZvEWBhEqTU (...)[0m
[0m[K[0m
[1m[36m▐      ⠠ ▌[0m Fetching results... https://ipfs.io/ipfs/QmNqPUNLT28TZvEWBhEqTU (...)[0m
[0m[K[0m
[1m[36m▐      ⠂ ▌[0m Fetching results... https://ipfs.io/ipfs/QmNqPUNLT28TZvEWBhEqTU (...)[0m
[0m[K[0m
[1m[36m▐     ⠈  ▌[0m Fetching results... https://ipfs.io/ipfs/QmNqPUNLT28TZvEWBhEqTU (...)[0m
[0m[K[0m
[1m[36m▐     ⠂  ▌[0m Fetching results... https://ipfs.io/ipfs/QmNqPUNLT28TZvEWBhEqTU (...)[0m
[0m[K[0m
[1m[36m▐    ⠠   ▌[0m Fetching results... https://ipfs.io/ipfs/QmNqPUNLT28TZvEWBhEqTU (...)[0m
[0m[K[0m
[1m[36m▐    ⡀   ▌[0m Fetching results... https://ipfs.io/ipfs/QmNqPUNLT28TZvEWBhEqTU (...)[0m
[0m[K[0m[?25h[0m🍃 Fetching results... https://ipfs.io/ipfs/QmNqPUNLT28TZvEWBhEqTUvJb8T8jzzjMWwusx9MUjciHh
[0m
🍂 Lilypad job completed 👉 https://ipfs.io/ipfs/QmNqPUNLT28TZvEWBhEqTUvJb8T8jzzjMWwusx9MUjciHh
[0m
